[2020-12-15T20:04:54.049559+01:00] app.DEBUG: Prova debug [] []
[2020-12-15T20:04:54.051040+01:00] app.INFO: Prova info [] []
[2020-12-15T20:04:54.051437+01:00] app.NOTICE: Prova notice [] []
[2020-12-15T20:04:54.051780+01:00] app.ERROR: Prova error [] []
[2020-12-15T20:04:54.052123+01:00] app.CRITICAL: Prova crítica [] []
[2020-12-15T20:04:54.271806+01:00] app.DEBUG: Prova debug [] []
[2020-12-15T20:04:54.273032+01:00] app.INFO: Prova info [] []
[2020-12-15T20:04:54.273301+01:00] app.NOTICE: Prova notice [] []
[2020-12-15T20:04:54.273559+01:00] app.ERROR: Prova error [] []
[2020-12-15T20:04:54.273806+01:00] app.CRITICAL: Prova crítica [] []
[2020-12-15T20:04:54.464170+01:00] app.DEBUG: Prova debug [] []
[2020-12-15T20:04:54.465085+01:00] app.INFO: Prova info [] []
[2020-12-15T20:04:54.465313+01:00] app.NOTICE: Prova notice [] []
[2020-12-15T20:04:54.465535+01:00] app.ERROR: Prova error [] []
[2020-12-15T20:04:54.465749+01:00] app.CRITICAL: Prova crítica [] []
[2020-12-15T20:08:01.885787+01:00] app.DEBUG: Prova debug [] []
[2020-12-15T20:08:01.886870+01:00] app.INFO: Prova info [] []
[2020-12-15T20:08:01.887131+01:00] app.NOTICE: Prova notice [] []
[2020-12-15T20:08:01.887378+01:00] app.ERROR: Prova error [] []
[2020-12-15T20:08:01.887665+01:00] app.CRITICAL: Prova crítica [] []
[2020-12-15T20:08:02.132794+01:00] app.DEBUG: Prova debug [] []
[2020-12-15T20:08:02.134668+01:00] app.INFO: Prova info [] []
[2020-12-15T20:08:02.135206+01:00] app.NOTICE: Prova notice [] []
[2020-12-15T20:08:02.135740+01:00] app.ERROR: Prova error [] []
[2020-12-15T20:08:02.136282+01:00] app.CRITICAL: Prova crítica [] []
[2020-12-15T20:08:02.395411+01:00] app.DEBUG: Prova debug [] []
[2020-12-15T20:08:02.396446+01:00] app.INFO: Prova info [] []
[2020-12-15T20:08:02.396704+01:00] app.NOTICE: Prova notice [] []
[2020-12-15T20:08:02.396952+01:00] app.ERROR: Prova error [] []
[2020-12-15T20:08:02.397198+01:00] app.CRITICAL: Prova crítica [] []
[2020-12-15T20:13:25.670193+01:00] app.ERROR: La grandària de la imatge (6104)              supera el límit establert: 300 [] []
[2020-12-15T20:14:11.781458+01:00] app.ERROR: La grandària de la imatge (6104)              supera el límit establert: 300 [] []
[2020-12-15T20:14:25.693017+01:00] app.ERROR: La grandària de la imatge (6795)              supera el límit establert: 300 [] []
[2020-12-15T20:15:44.127283+01:00] app.ERROR: La grandària de la imatge (6763)              supera el límit establert: 300 [] []
[2020-12-15T20:16:07.833440+01:00] app.ERROR: La grandària de la imatge (6763)              supera el límit establert: 300 [] []
[2020-12-15T20:16:40.010306+01:00] app.ERROR: La grandària de la imatge (6795)              supera el límit establert: 300 [] []
[2020-12-29T10:57:47.324294+01:00] app.ERROR: La grandària de la imatge (76947)              supera el límit establert: 300 [] []
[2020-12-29T10:57:58.274378+01:00] app.ERROR: La grandària de la imatge (84840)              supera el límit establert: 300 [] []
